[2021-09-30T12:27:00.688] [DEBUG] commandHandler - Hello, World! Logger has intialised
[2021-09-30T12:27:00.689] [DEBUG] commandHandler - Discovered files in folder: ./Transactions//DodgyTransactions2015.csv,./Transactions//Transactions2013.json,./Transactions//Transactions2014.csv
[2021-09-30T12:27:00.690] [INFO] bank - Loading transaction file "./Transactions//DodgyTransactions2015.csv"
[2021-09-30T12:27:00.690] [DEBUG] parsing - Attempting to read ./Transactions//DodgyTransactions2015.csv as a CSV file
[2021-09-30T12:27:00.690] [DEBUG] parsing - Reading..
[2021-09-30T12:27:00.690] [DEBUG] parsing - Read complete! (<1ms)
[2021-09-30T12:27:00.690] [DEBUG] parsing - Received 52 lines
[2021-09-30T12:27:00.691] [DEBUG] parsing - Line 27 was malformed.
[2021-09-30T12:27:00.691] [DEBUG] parsing - Line 51 was malformed.
[2021-09-30T12:27:00.691] [WARN] bank - Transaction of One Cheeseburger from Ben B to Sam N was malformed and was written to the error list. Attempting analysis..
[2021-09-30T12:27:00.691] [INFO] bank - Malformed parts discovered: 
		amount: One Cheeseburger

[2021-09-30T12:27:00.691] [WARN] bank - Transaction of 5.42 from Sarah T to Dan W was malformed and was written to the error list. Attempting analysis..
[2021-09-30T12:27:00.691] [INFO] bank - Malformed parts discovered: 
		date: Last Thursday

[2021-09-30T12:27:00.692] [INFO] bank - Loading transaction file "./Transactions//Transactions2013.json"
[2021-09-30T12:27:00.692] [DEBUG] parsing - Object 146 was malformed.
[2021-09-30T12:27:00.692] [ERROR] bank - Failed to load transactions from "./Transactions//Transactions2013.json"
		ReferenceError: json is not defined
[2021-09-30T12:27:00.692] [INFO] bank - Loading transaction file "./Transactions//Transactions2014.csv"
[2021-09-30T12:27:00.692] [DEBUG] parsing - Attempting to read ./Transactions//Transactions2014.csv as a CSV file
[2021-09-30T12:27:00.692] [DEBUG] parsing - Reading..
[2021-09-30T12:27:00.693] [DEBUG] parsing - Read complete! (1ms)
[2021-09-30T12:27:00.693] [DEBUG] parsing - Received 149 lines
[2021-09-30T12:43:54.552] [DEBUG] commandHandler - -= INSTANCE END =-


