[2021-09-30T12:25:06.810] [DEBUG] commandHandler - Hello, World! Logger has intialised
[2021-09-30T12:25:06.811] [DEBUG] commandHandler - Discovered files in folder: ./Transactions//DodgyTransactions2015.csv,./Transactions//Transactions2013.json,./Transactions//Transactions2014.csv
[2021-09-30T12:25:06.812] [INFO] bank - Loading transaction file "./Transactions//DodgyTransactions2015.csv"
[2021-09-30T12:25:06.812] [DEBUG] parsing - Attempting to read ./Transactions//DodgyTransactions2015.csv as a CSV file
[2021-09-30T12:25:06.812] [DEBUG] parsing - Reading..
[2021-09-30T12:25:06.812] [DEBUG] parsing - Read complete! (<1ms)
[2021-09-30T12:25:06.812] [DEBUG] parsing - Received 52 lines
[2021-09-30T12:25:06.813] [DEBUG] parsing - Line 27 was malformed.
[2021-09-30T12:25:06.813] [DEBUG] parsing - Line 51 was malformed.
[2021-09-30T12:25:06.813] [WARN] bank - Transaction of One Cheeseburger from Ben B to Sam N was malformed and was written to the error list. Attempting analysis..
[2021-09-30T12:25:06.813] [INFO] bank - Malformed parts discovered: 
		amount: One Cheeseburger

[2021-09-30T12:25:06.813] [WARN] bank - Transaction of 5.42 from Sarah T to Dan W was malformed and was written to the error list. Attempting analysis..
[2021-09-30T12:25:06.813] [INFO] bank - Malformed parts discovered: 
		date: Last Thursday

[2021-09-30T12:25:06.813] [INFO] bank - Loading transaction file "./Transactions//Transactions2013.json"
[2021-09-30T12:25:06.814] [INFO] bank - Loading transaction file "./Transactions//Transactions2014.csv"
[2021-09-30T12:25:06.814] [DEBUG] parsing - Attempting to read ./Transactions//Transactions2014.csv as a CSV file
[2021-09-30T12:25:06.814] [DEBUG] parsing - Reading..
[2021-09-30T12:25:06.814] [DEBUG] parsing - Read complete! (<1ms)
[2021-09-30T12:25:06.814] [DEBUG] parsing - Received 149 lines
[2021-09-30T12:25:10.321] [DEBUG] commandHandler - User input command "list all"
[2021-09-30T12:25:10.321] [DEBUG] commandHandler - Found parameters as: list,all
[2021-09-30T12:25:10.321] [DEBUG] commandHandler - Executing command..
[2021-09-30T12:25:10.322] [DEBUG] commandHandler - Command execution complete (1ms)
[2021-09-30T12:25:15.559] [DEBUG] commandHandler - User input command "list Jon A"
[2021-09-30T12:25:15.559] [DEBUG] commandHandler - Found parameters as: list,Jon,A
[2021-09-30T12:25:15.559] [DEBUG] commandHandler - Executing command..
[2021-09-30T12:25:15.559] [DEBUG] bank - User requested to see details for "Jon A"
[2021-09-30T12:25:15.561] [DEBUG] commandHandler - Command execution complete (2ms)
[2021-09-30T12:25:26.097] [DEBUG] commandHandler - User input command "list errors"
[2021-09-30T12:25:26.098] [DEBUG] commandHandler - Found parameters as: list,errors
[2021-09-30T12:25:26.098] [DEBUG] commandHandler - Executing command..
[2021-09-30T12:25:26.100] [DEBUG] commandHandler - Command execution complete (2ms)
[2021-09-30T12:25:47.707] [DEBUG] commandHandler - -= INSTANCE END =-


